<?xml version="1.0" encoding="UTF-8"?>
<!-- Generated by org.testng.reporters.JUnitXMLReporter -->
<testsuite hostname="DESKTOP-P0B63N8" ignored="10" name="Fund Transfer" tests="6" failures="6" timestamp="2021-11-30T14:06:50 IST" time="0.045" errors="0">
  <testcase name="createAnAccountToMyStore2" time="0.003" classname="testCases2.CreateAnAccountToMyStore2">
    <failure type="java.lang.NullPointerException">
      <![CDATA[java.lang.NullPointerException
at testCases2.CreateAnAccountToMyStore2.createAnAccountToMyStore2(CreateAnAccountToMyStore2.java:22)
at java.util.ArrayList.forEach(Unknown Source)
... Removed 27 stack frames]]>
    </failure>
  </testcase> <!-- createAnAccountToMyStore2 -->
  <testcase name="createAnAccountToMyStore3" time="0.001" classname="testCases2.CreateAnAccountToMyStore3">
    <failure type="java.lang.NullPointerException">
      <![CDATA[java.lang.NullPointerException
at testCases2.CreateAnAccountToMyStore3.createAnAccountToMyStore3(CreateAnAccountToMyStore3.java:27)
at java.util.ArrayList.forEach(Unknown Source)
... Removed 27 stack frames]]>
    </failure>
  </testcase> <!-- createAnAccountToMyStore3 -->
  <testcase name="createAnAccountToMyStore4" time="0.001" classname="testCases2.CreateAnAccountToMyStore4">
    <failure type="java.lang.NullPointerException">
      <![CDATA[java.lang.NullPointerException
at testCases2.CreateAnAccountToMyStore4.createAnAccountToMyStore4(CreateAnAccountToMyStore4.java:27)
at java.util.ArrayList.forEach(Unknown Source)
... Removed 27 stack frames]]>
    </failure>
  </testcase> <!-- createAnAccountToMyStore4 -->
  <testcase name="createAnAccountToMyStore" time="0.0" classname="testCases2.CreateAnAccountToMyStore">
    <failure type="java.lang.NullPointerException">
      <![CDATA[java.lang.NullPointerException
at testCases2.CreateAnAccountToMyStore.createAnAccountToMyStore(CreateAnAccountToMyStore.java:26)
at java.util.ArrayList.forEach(Unknown Source)
... Removed 27 stack frames]]>
    </failure>
  </testcase> <!-- createAnAccountToMyStore -->
  <testcase name="loginWithRegisteredUser" time="0.0" classname="testCases2.LoginWithRegisteredUser">
    <failure type="java.lang.NullPointerException">
      <![CDATA[java.lang.NullPointerException
at testCases2.LoginWithRegisteredUser.loginWithRegisteredUser(LoginWithRegisteredUser.java:27)
at java.util.ArrayList.forEach(Unknown Source)
... Removed 27 stack frames]]>
    </failure>
  </testcase> <!-- loginWithRegisteredUser -->
  <testcase name="loginWithRegisteredUser2" time="0.0" classname="testCases2.LoginWithRegisteredUser2">
    <failure type="java.lang.NullPointerException">
      <![CDATA[java.lang.NullPointerException
at testCases2.LoginWithRegisteredUser2.loginWithRegisteredUser2(LoginWithRegisteredUser2.java:26)
at java.util.ArrayList.forEach(Unknown Source)
... Removed 27 stack frames]]>
    </failure>
  </testcase> <!-- loginWithRegisteredUser2 -->
  <testcase name="@AfterSuite generateReport" time="0.0" classname="testBase.BaseClass">
    <ignored/>
  </testcase> <!-- @AfterSuite generateReport -->
  <testcase name="@AfterSuite generateReport" time="0.0" classname="testBase.BaseClass">
    <ignored/>
  </testcase> <!-- @AfterSuite generateReport -->
  <testcase name="@AfterSuite generateReport" time="0.0" classname="testBase.BaseClass">
    <ignored/>
  </testcase> <!-- @AfterSuite generateReport -->
  <testcase name="@AfterSuite generateReport" time="0.0" classname="testBase.BaseClass">
    <ignored/>
  </testcase> <!-- @AfterSuite generateReport -->
  <testcase name="@AfterSuite generateReport" time="0.0" classname="testBase.BaseClass">
    <ignored/>
  </testcase> <!-- @AfterSuite generateReport -->
  <testcase name="@BeforeSuite initialization" time="0.0" classname="testBase.BaseClass">
    <ignored/>
  </testcase> <!-- @BeforeSuite initialization -->
  <testcase name="@BeforeSuite initialization" time="0.0" classname="testBase.BaseClass">
    <ignored/>
  </testcase> <!-- @BeforeSuite initialization -->
  <testcase name="@BeforeSuite initialization" time="0.0" classname="testBase.BaseClass">
    <ignored/>
  </testcase> <!-- @BeforeSuite initialization -->
  <testcase name="@BeforeSuite initialization" time="0.0" classname="testBase.BaseClass">
    <ignored/>
  </testcase> <!-- @BeforeSuite initialization -->
  <testcase name="@BeforeSuite initialization" time="0.0" classname="testBase.BaseClass">
    <ignored/>
  </testcase> <!-- @BeforeSuite initialization -->
</testsuite> <!-- Fund Transfer -->
